<?xml version="1.0" encoding="UTF-8"?>
<!-- Generated by org.testng.reporters.JUnitReportReporter -->
<testsuite hostname="LAPTOP-OLISTU47" failures="0" tests="2" name="ankitnandivkar.ExtentReports.ExtentReportDemo" time="2.642" errors="0" timestamp="2025-02-22T20:30:41 IST" skipped="0">
  <testcase classname="ankitnandivkar.ExtentReports.ExtentReportDemo" name="config" time="0.148"/>
  <testcase classname="ankitnandivkar.ExtentReports.ExtentReportDemo" name="initialDemo" time="2.494"/>
</testsuite> <!-- ankitnandivkar.ExtentReports.ExtentReportDemo -->
